{"/Users/gniewko/Documents/Projects/body-scan/src/lib/imageValidation.ts": {"path":"/Users/gniewko/Documents/Projects/body-scan/src/lib/imageValidation.ts","statementMap":{"0":{"start":{"line":31,"column":0},"end":{"line":31,"column":16}},"1":{"start":{"line":48,"column":0},"end":{"line":48,"column":7}},"2":{"start":{"line":8,"column":0},"end":{"line":8,"column":69}},"3":{"start":{"line":10,"column":13},"end":{"line":10,"column":36}},"4":{"start":{"line":11,"column":24},"end":{"line":11,"column":55}},"5":{"start":{"line":12,"column":18},"end":{"line":12,"column":21}},"6":{"start":{"line":13,"column":19},"end":{"line":13,"column":22}},"7":{"start":{"line":17,"column":24},"end":{"line":17,"column":28}},"8":{"start":{"line":18,"column":25},"end":{"line":18,"column":28}},"9":{"start":{"line":32,"column":2},"end":{"line":34,"column":3}},"10":{"start":{"line":33,"column":4},"end":{"line":33,"column":88}},"11":{"start":{"line":35,"column":2},"end":{"line":39,"column":3}},"12":{"start":{"line":36,"column":4},"end":{"line":38,"column":5}},"13":{"start":{"line":37,"column":6},"end":{"line":37,"column":101}},"14":{"start":{"line":40,"column":2},"end":{"line":40,"column":25}},"15":{"start":{"line":49,"column":2},"end":{"line":58,"column":3}},"16":{"start":{"line":50,"column":19},"end":{"line":53,"column":null}},"17":{"start":{"line":55,"column":4},"end":{"line":55,"column":22}},"18":{"start":{"line":57,"column":4},"end":{"line":57,"column":15}}},"fnMap":{"0":{"name":"validatePickedImage","decl":{"start":{"line":31,"column":16},"end":{"line":31,"column":35}},"loc":{"start":{"line":31,"column":58},"end":{"line":41,"column":1}}},"1":{"name":"optimizeImageForAnalysis","decl":{"start":{"line":48,"column":22},"end":{"line":48,"column":46}},"loc":{"start":{"line":48,"column":58},"end":{"line":59,"column":1}}}},"branchMap":{"0":{"loc":{"start":{"line":32,"column":2},"end":{"line":34,"column":3}},"type":"if","locations":[{"start":{"line":32,"column":2},"end":{"line":34,"column":3}}]},"1":{"loc":{"start":{"line":32,"column":6},"end":{"line":32,"column":64}},"type":"binary-expr","locations":[{"start":{"line":32,"column":6},"end":{"line":32,"column":28}},{"start":{"line":32,"column":32},"end":{"line":32,"column":64}}]},"2":{"loc":{"start":{"line":35,"column":2},"end":{"line":39,"column":3}},"type":"if","locations":[{"start":{"line":35,"column":2},"end":{"line":39,"column":3}}]},"3":{"loc":{"start":{"line":35,"column":6},"end":{"line":35,"column":49}},"type":"binary-expr","locations":[{"start":{"line":35,"column":6},"end":{"line":35,"column":25}},{"start":{"line":35,"column":29},"end":{"line":35,"column":49}}]},"4":{"loc":{"start":{"line":36,"column":4},"end":{"line":38,"column":5}},"type":"if","locations":[{"start":{"line":36,"column":4},"end":{"line":38,"column":5}}]},"5":{"loc":{"start":{"line":36,"column":8},"end":{"line":36,"column":60}},"type":"binary-expr","locations":[{"start":{"line":36,"column":8},"end":{"line":36,"column":31}},{"start":{"line":36,"column":35},"end":{"line":36,"column":60}}]}},"s":{"0":0,"1":0,"2":0,"3":0,"4":0,"5":0,"6":0,"7":0,"8":0,"9":0,"10":0,"11":0,"12":0,"13":0,"14":0,"15":0,"16":0,"17":0,"18":0},"f":{"0":0,"1":0},"b":{"0":[0],"1":[0,0],"2":[0],"3":[0,0],"4":[0],"5":[0,0]}}
,"/Users/gniewko/Documents/Projects/body-scan/src/lib/validation.ts": {"path":"/Users/gniewko/Documents/Projects/body-scan/src/lib/validation.ts","statementMap":{"0":{"start":{"line":19,"column":0},"end":{"line":19,"column":16}},"1":{"start":{"line":27,"column":0},"end":{"line":27,"column":16}},"2":{"start":{"line":42,"column":0},"end":{"line":42,"column":16}},"3":{"start":{"line":13,"column":22},"end":{"line":13,"column":50}},"4":{"start":{"line":15,"column":21},"end":{"line":15,"column":52}},"5":{"start":{"line":17,"column":13},"end":{"line":17,"column":37}},"6":{"start":{"line":20,"column":18},"end":{"line":20,"column":30}},"7":{"start":{"line":21,"column":2},"end":{"line":21,"column":68}},"8":{"start":{"line":21,"column":16},"end":{"line":21,"column":68}},"9":{"start":{"line":22,"column":2},"end":{"line":22,"column":80}},"10":{"start":{"line":22,"column":28},"end":{"line":22,"column":80}},"11":{"start":{"line":23,"column":2},"end":{"line":23,"column":98}},"12":{"start":{"line":23,"column":36},"end":{"line":23,"column":98}},"13":{"start":{"line":24,"column":2},"end":{"line":24,"column":25}},"14":{"start":{"line":28,"column":2},"end":{"line":28,"column":72}},"15":{"start":{"line":28,"column":17},"end":{"line":28,"column":72}},"16":{"start":{"line":29,"column":2},"end":{"line":31,"column":3}},"17":{"start":{"line":30,"column":4},"end":{"line":30,"column":98}},"18":{"start":{"line":32,"column":2},"end":{"line":35,"column":3}},"19":{"start":{"line":34,"column":4},"end":{"line":34,"column":78}},"20":{"start":{"line":36,"column":2},"end":{"line":38,"column":3}},"21":{"start":{"line":37,"column":4},"end":{"line":37,"column":77}},"22":{"start":{"line":39,"column":2},"end":{"line":39,"column":25}},"23":{"start":{"line":43,"column":18},"end":{"line":43,"column":29}},"24":{"start":{"line":44,"column":2},"end":{"line":44,"column":67}},"25":{"start":{"line":44,"column":16},"end":{"line":44,"column":67}},"26":{"start":{"line":45,"column":2},"end":{"line":47,"column":3}},"27":{"start":{"line":46,"column":4},"end":{"line":46,"column":72}},"28":{"start":{"line":48,"column":2},"end":{"line":48,"column":25}}},"fnMap":{"0":{"name":"validateEmail","decl":{"start":{"line":19,"column":16},"end":{"line":19,"column":29}},"loc":{"start":{"line":19,"column":43},"end":{"line":25,"column":1}}},"1":{"name":"validatePassword","decl":{"start":{"line":27,"column":16},"end":{"line":27,"column":32}},"loc":{"start":{"line":27,"column":49},"end":{"line":40,"column":1}}},"2":{"name":"validateName","decl":{"start":{"line":42,"column":16},"end":{"line":42,"column":28}},"loc":{"start":{"line":42,"column":41},"end":{"line":49,"column":1}}}},"branchMap":{"0":{"loc":{"start":{"line":21,"column":2},"end":{"line":21,"column":68}},"type":"if","locations":[{"start":{"line":21,"column":2},"end":{"line":21,"column":68}}]},"1":{"loc":{"start":{"line":22,"column":2},"end":{"line":22,"column":80}},"type":"if","locations":[{"start":{"line":22,"column":2},"end":{"line":22,"column":80}}]},"2":{"loc":{"start":{"line":23,"column":2},"end":{"line":23,"column":98}},"type":"if","locations":[{"start":{"line":23,"column":2},"end":{"line":23,"column":98}}]},"3":{"loc":{"start":{"line":28,"column":2},"end":{"line":28,"column":72}},"type":"if","locations":[{"start":{"line":28,"column":2},"end":{"line":28,"column":72}}]},"4":{"loc":{"start":{"line":29,"column":2},"end":{"line":31,"column":3}},"type":"if","locations":[{"start":{"line":29,"column":2},"end":{"line":31,"column":3}}]},"5":{"loc":{"start":{"line":32,"column":2},"end":{"line":35,"column":3}},"type":"if","locations":[{"start":{"line":32,"column":2},"end":{"line":35,"column":3}}]},"6":{"loc":{"start":{"line":36,"column":2},"end":{"line":38,"column":3}},"type":"if","locations":[{"start":{"line":36,"column":2},"end":{"line":38,"column":3}}]},"7":{"loc":{"start":{"line":36,"column":6},"end":{"line":36,"column":59}},"type":"binary-expr","locations":[{"start":{"line":36,"column":6},"end":{"line":36,"column":32}},{"start":{"line":36,"column":36},"end":{"line":36,"column":59}}]},"8":{"loc":{"start":{"line":44,"column":2},"end":{"line":44,"column":67}},"type":"if","locations":[{"start":{"line":44,"column":2},"end":{"line":44,"column":67}}]},"9":{"loc":{"start":{"line":45,"column":2},"end":{"line":47,"column":3}},"type":"if","locations":[{"start":{"line":45,"column":2},"end":{"line":47,"column":3}}]}},"s":{"0":1,"1":1,"2":1,"3":1,"4":1,"5":1,"6":9,"7":9,"8":1,"9":8,"10":1,"11":7,"12":5,"13":2,"14":5,"15":0,"16":5,"17":1,"18":4,"19":1,"20":3,"21":2,"22":1,"23":5,"24":5,"25":1,"26":4,"27":3,"28":1},"f":{"0":9,"1":5,"2":5},"b":{"0":[1],"1":[1],"2":[5],"3":[0],"4":[1],"5":[1],"6":[2],"7":[3,2],"8":[1],"9":[3]}}
,"/Users/gniewko/Documents/Projects/body-scan/src/scoring/bodyFat.ts": {"path":"/Users/gniewko/Documents/Projects/body-scan/src/scoring/bodyFat.ts","statementMap":{"0":{"start":{"line":22,"column":0},"end":{"line":22,"column":16}},"1":{"start":{"line":40,"column":0},"end":{"line":40,"column":16}},"2":{"start":{"line":24,"column":4},"end":{"line":27,"column":32}},"3":{"start":{"line":29,"column":2},"end":{"line":29,"column":66}},"4":{"start":{"line":29,"column":23},"end":{"line":29,"column":66}},"5":{"start":{"line":30,"column":2},"end":{"line":30,"column":66}},"6":{"start":{"line":30,"column":23},"end":{"line":30,"column":66}},"7":{"start":{"line":31,"column":2},"end":{"line":31,"column":67}},"8":{"start":{"line":31,"column":23},"end":{"line":31,"column":67}},"9":{"start":{"line":32,"column":2},"end":{"line":32,"column":68}},"10":{"start":{"line":32,"column":23},"end":{"line":32,"column":68}},"11":{"start":{"line":33,"column":2},"end":{"line":33,"column":68}},"12":{"start":{"line":33,"column":23},"end":{"line":33,"column":68}},"13":{"start":{"line":34,"column":2},"end":{"line":34,"column":68}},"14":{"start":{"line":34,"column":23},"end":{"line":34,"column":68}},"15":{"start":{"line":35,"column":2},"end":{"line":35,"column":68}},"16":{"start":{"line":35,"column":23},"end":{"line":35,"column":68}},"17":{"start":{"line":36,"column":2},"end":{"line":36,"column":68}},"18":{"start":{"line":36,"column":23},"end":{"line":36,"column":68}},"19":{"start":{"line":37,"column":2},"end":{"line":37,"column":69}},"20":{"start":{"line":41,"column":2},"end":{"line":41,"column":49}}},"fnMap":{"0":{"name":"estimateBodyFatRange","decl":{"start":{"line":22,"column":16},"end":{"line":22,"column":36}},"loc":{"start":{"line":22,"column":58},"end":{"line":38,"column":1}}},"1":{"name":"midpointBodyFat","decl":{"start":{"line":40,"column":16},"end":{"line":40,"column":31}},"loc":{"start":{"line":40,"column":51},"end":{"line":42,"column":1}}}},"branchMap":{"0":{"loc":{"start":{"line":29,"column":2},"end":{"line":29,"column":66}},"type":"if","locations":[{"start":{"line":29,"column":2},"end":{"line":29,"column":66}}]},"1":{"loc":{"start":{"line":30,"column":2},"end":{"line":30,"column":66}},"type":"if","locations":[{"start":{"line":30,"column":2},"end":{"line":30,"column":66}}]},"2":{"loc":{"start":{"line":31,"column":2},"end":{"line":31,"column":67}},"type":"if","locations":[{"start":{"line":31,"column":2},"end":{"line":31,"column":67}}]},"3":{"loc":{"start":{"line":32,"column":2},"end":{"line":32,"column":68}},"type":"if","locations":[{"start":{"line":32,"column":2},"end":{"line":32,"column":68}}]},"4":{"loc":{"start":{"line":33,"column":2},"end":{"line":33,"column":68}},"type":"if","locations":[{"start":{"line":33,"column":2},"end":{"line":33,"column":68}}]},"5":{"loc":{"start":{"line":34,"column":2},"end":{"line":34,"column":68}},"type":"if","locations":[{"start":{"line":34,"column":2},"end":{"line":34,"column":68}}]},"6":{"loc":{"start":{"line":35,"column":2},"end":{"line":35,"column":68}},"type":"if","locations":[{"start":{"line":35,"column":2},"end":{"line":35,"column":68}}]},"7":{"loc":{"start":{"line":36,"column":2},"end":{"line":36,"column":68}},"type":"if","locations":[{"start":{"line":36,"column":2},"end":{"line":36,"column":68}}]}},"s":{"0":1,"1":1,"2":4,"3":4,"4":1,"5":3,"6":0,"7":3,"8":0,"9":3,"10":0,"11":3,"12":2,"13":1,"14":0,"15":1,"16":0,"17":1,"18":0,"19":1,"20":3},"f":{"0":4,"1":3},"b":{"0":[1],"1":[0],"2":[0],"3":[0],"4":[2],"5":[0],"6":[0],"7":[0]}}
,"/Users/gniewko/Documents/Projects/body-scan/src/scoring/engine.ts": {"path":"/Users/gniewko/Documents/Projects/body-scan/src/scoring/engine.ts","statementMap":{"0":{"start":{"line":27,"column":0},"end":{"line":27,"column":16}},"1":{"start":{"line":76,"column":0},"end":{"line":76,"column":16}},"2":{"start":{"line":145,"column":0},"end":{"line":145,"column":16}},"3":{"start":{"line":159,"column":0},"end":{"line":159,"column":16}},"4":{"start":{"line":205,"column":0},"end":{"line":205,"column":16}},"5":{"start":{"line":217,"column":0},"end":{"line":217,"column":16}},"6":{"start":{"line":2,"column":0},"end":{"line":2,"column":null}},"7":{"start":{"line":25,"column":20},"end":{"line":25,"column":52}},"8":{"start":{"line":28,"column":2},"end":{"line":28,"column":61}},"9":{"start":{"line":28,"column":45},"end":{"line":28,"column":61}},"10":{"start":{"line":29,"column":2},"end":{"line":29,"column":66}},"11":{"start":{"line":39,"column":2},"end":{"line":39,"column":31}},"12":{"start":{"line":39,"column":22},"end":{"line":39,"column":31}},"13":{"start":{"line":40,"column":2},"end":{"line":40,"column":34}},"14":{"start":{"line":40,"column":25},"end":{"line":40,"column":34}},"15":{"start":{"line":41,"column":2},"end":{"line":41,"column":35}},"16":{"start":{"line":41,"column":24},"end":{"line":41,"column":35}},"17":{"start":{"line":42,"column":2},"end":{"line":42,"column":71}},"18":{"start":{"line":46,"column":2},"end":{"line":46,"column":53}},"19":{"start":{"line":51,"column":16},"end":{"line":51,"column":43}},"20":{"start":{"line":51,"column":37},"end":{"line":51,"column":42}},"21":{"start":{"line":52,"column":2},"end":{"line":52,"column":35}},"22":{"start":{"line":52,"column":26},"end":{"line":52,"column":35}},"23":{"start":{"line":53,"column":2},"end":{"line":53,"column":65}},"24":{"start":{"line":53,"column":49},"end":{"line":53,"column":60}},"25":{"start":{"line":57,"column":2},"end":{"line":57,"column":36}},"26":{"start":{"line":57,"column":27},"end":{"line":57,"column":36}},"27":{"start":{"line":58,"column":21},"end":{"line":58,"column":70}},"28":{"start":{"line":58,"column":45},"end":{"line":58,"column":50}},"29":{"start":{"line":59,"column":19},"end":{"line":59,"column":39}},"30":{"start":{"line":60,"column":2},"end":{"line":60,"column":71}},"31":{"start":{"line":78,"column":19},"end":{"line":81,"column":null}},"32":{"start":{"line":84,"column":23},"end":{"line":84,"column":72}},"33":{"start":{"line":85,"column":17},"end":{"line":88,"column":null}},"34":{"start":{"line":91,"column":21},"end":{"line":95,"column":null}},"35":{"start":{"line":98,"column":32},"end":{"line":110,"column":4}},"36":{"start":{"line":111,"column":20},"end":{"line":111,"column":61}},"37":{"start":{"line":111,"column":43},"end":{"line":111,"column":60}},"38":{"start":{"line":112,"column":22},"end":{"line":114,"column":8}},"39":{"start":{"line":116,"column":23},"end":{"line":120,"column":null}},"40":{"start":{"line":123,"column":18},"end":{"line":126,"column":null}},"41":{"start":{"line":129,"column":22},"end":{"line":132,"column":null}},"42":{"start":{"line":135,"column":22},"end":{"line":138,"column":null}},"43":{"start":{"line":141,"column":2},"end":{"line":141,"column":104}},"44":{"start":{"line":146,"column":2},"end":{"line":146,"column":35}},"45":{"start":{"line":146,"column":24},"end":{"line":146,"column":35}},"46":{"start":{"line":147,"column":2},"end":{"line":147,"column":36}},"47":{"start":{"line":147,"column":24},"end":{"line":147,"column":36}},"48":{"start":{"line":148,"column":2},"end":{"line":148,"column":36}},"49":{"start":{"line":148,"column":24},"end":{"line":148,"column":36}},"50":{"start":{"line":149,"column":2},"end":{"line":149,"column":36}},"51":{"start":{"line":149,"column":24},"end":{"line":149,"column":36}},"52":{"start":{"line":150,"column":2},"end":{"line":150,"column":36}},"53":{"start":{"line":150,"column":24},"end":{"line":150,"column":36}},"54":{"start":{"line":151,"column":2},"end":{"line":151,"column":36}},"55":{"start":{"line":151,"column":24},"end":{"line":151,"column":36}},"56":{"start":{"line":152,"column":2},"end":{"line":152,"column":36}},"57":{"start":{"line":152,"column":24},"end":{"line":152,"column":36}},"58":{"start":{"line":153,"column":2},"end":{"line":153,"column":14}},"59":{"start":{"line":166,"column":4},"end":{"line":168,"column":23}},"60":{"start":{"line":170,"column":21},"end":{"line":173,"column":null}},"61":{"start":{"line":176,"column":27},"end":{"line":178,"column":null}},"62":{"start":{"line":181,"column":27},"end":{"line":181,"column":43}},"63":{"start":{"line":183,"column":12},"end":{"line":187,"column":null}},"64":{"start":{"line":190,"column":17},"end":{"line":190,"column":56}},"65":{"start":{"line":191,"column":2},"end":{"line":191,"column":48}},"66":{"start":{"line":192,"column":2},"end":{"line":192,"column":47}},"67":{"start":{"line":194,"column":2},"end":{"line":196,"column":3}},"68":{"start":{"line":195,"column":4},"end":{"line":195,"column":41}},"69":{"start":{"line":198,"column":18},"end":{"line":198,"column":82}},"70":{"start":{"line":199,"column":2},"end":{"line":199,"column":31}},"71":{"start":{"line":201,"column":2},"end":{"line":201,"column":20}},"72":{"start":{"line":210,"column":18},"end":{"line":210,"column":86}},"73":{"start":{"line":211,"column":18},"end":{"line":211,"column":98}},"74":{"start":{"line":212,"column":27},"end":{"line":212,"column":59}},"75":{"start":{"line":213,"column":2},"end":{"line":213,"column":92}},"76":{"start":{"line":222,"column":2},"end":{"line":222,"column":23}},"77":{"start":{"line":222,"column":16},"end":{"line":222,"column":23}},"78":{"start":{"line":224,"column":17},"end":{"line":224,"column":56}},"79":{"start":{"line":226,"column":2},"end":{"line":226,"column":55}},"80":{"start":{"line":227,"column":2},"end":{"line":227,"column":54}},"81":{"start":{"line":228,"column":2},"end":{"line":228,"column":77}},"82":{"start":{"line":229,"column":2},"end":{"line":229,"column":77}},"83":{"start":{"line":230,"column":2},"end":{"line":230,"column":62}},"84":{"start":{"line":231,"column":2},"end":{"line":231,"column":77}},"85":{"start":{"line":232,"column":2},"end":{"line":232,"column":78}},"86":{"start":{"line":233,"column":2},"end":{"line":240,"column":5}},"87":{"start":{"line":241,"column":2},"end":{"line":241,"column":53}},"88":{"start":{"line":242,"column":2},"end":{"line":242,"column":49}},"89":{"start":{"line":243,"column":2},"end":{"line":243,"column":21}}},"fnMap":{"0":{"name":"ordinalToScore","decl":{"start":{"line":27,"column":16},"end":{"line":27,"column":30}},"loc":{"start":{"line":27,"column":66},"end":{"line":30,"column":1}}},"1":{"name":"normalizeRatio","decl":{"start":{"line":33,"column":9},"end":{"line":33,"column":23}},"loc":{"start":{"line":37,"column":11},"end":{"line":43,"column":1}}},"2":{"name":"clamp","decl":{"start":{"line":45,"column":9},"end":{"line":45,"column":14}},"loc":{"start":{"line":45,"column":44},"end":{"line":47,"column":1}}},"3":{"name":"harmonicMean","decl":{"start":{"line":50,"column":9},"end":{"line":50,"column":21}},"loc":{"start":{"line":50,"column":38},"end":{"line":54,"column":1}}},"4":{"name":"(anonymous_4)","decl":{"start":{"line":51,"column":30},"end":{"line":51,"column":31}},"loc":{"start":{"line":51,"column":37},"end":{"line":51,"column":42}}},"5":{"name":"(anonymous_5)","decl":{"start":{"line":53,"column":37},"end":{"line":53,"column":38}},"loc":{"start":{"line":53,"column":49},"end":{"line":53,"column":60}}},"6":{"name":"blendArithmeticHarmonic","decl":{"start":{"line":56,"column":9},"end":{"line":56,"column":32}},"loc":{"start":{"line":56,"column":72},"end":{"line":61,"column":1}}},"7":{"name":"(anonymous_7)","decl":{"start":{"line":58,"column":35},"end":{"line":58,"column":36}},"loc":{"start":{"line":58,"column":45},"end":{"line":58,"column":50}}},"8":{"name":"computeCategoryScores","decl":{"start":{"line":76,"column":16},"end":{"line":76,"column":37}},"loc":{"start":{"line":76,"column":59},"end":{"line":142,"column":1}}},"9":{"name":"(anonymous_9)","decl":{"start":{"line":111,"column":36},"end":{"line":111,"column":37}},"loc":{"start":{"line":111,"column":43},"end":{"line":111,"column":60}}},"10":{"name":"bodyFatMultiplier","decl":{"start":{"line":145,"column":16},"end":{"line":145,"column":33}},"loc":{"start":{"line":145,"column":52},"end":{"line":154,"column":1}}},"11":{"name":"computeOverallScore","decl":{"start":{"line":159,"column":16},"end":{"line":159,"column":35}},"loc":{"start":{"line":163,"column":21},"end":{"line":202,"column":1}}},"12":{"name":"computePotentialScore","decl":{"start":{"line":205,"column":16},"end":{"line":205,"column":37}},"loc":{"start":{"line":208,"column":20},"end":{"line":214,"column":1}}},"13":{"name":"logScoringDebug","decl":{"start":{"line":217,"column":16},"end":{"line":217,"column":31}},"loc":{"start":{"line":220,"column":22},"end":{"line":244,"column":1}}}},"branchMap":{"0":{"loc":{"start":{"line":27,"column":53},"end":{"line":27,"column":66}},"type":"default-arg","locations":[{"start":{"line":27,"column":64},"end":{"line":27,"column":66}}]},"1":{"loc":{"start":{"line":28,"column":2},"end":{"line":28,"column":61}},"type":"if","locations":[{"start":{"line":28,"column":2},"end":{"line":28,"column":61}}]},"2":{"loc":{"start":{"line":28,"column":6},"end":{"line":28,"column":43}},"type":"binary-expr","locations":[{"start":{"line":28,"column":6},"end":{"line":28,"column":20}},{"start":{"line":28,"column":24},"end":{"line":28,"column":43}}]},"3":{"loc":{"start":{"line":37,"column":2},"end":{"line":37,"column":11}},"type":"default-arg","locations":[{"start":{"line":37,"column":8},"end":{"line":37,"column":11}}]},"4":{"loc":{"start":{"line":39,"column":2},"end":{"line":39,"column":31}},"type":"if","locations":[{"start":{"line":39,"column":2},"end":{"line":39,"column":31}}]},"5":{"loc":{"start":{"line":40,"column":2},"end":{"line":40,"column":34}},"type":"if","locations":[{"start":{"line":40,"column":2},"end":{"line":40,"column":34}}]},"6":{"loc":{"start":{"line":41,"column":2},"end":{"line":41,"column":35}},"type":"if","locations":[{"start":{"line":41,"column":2},"end":{"line":41,"column":35}}]},"7":{"loc":{"start":{"line":45,"column":26},"end":{"line":45,"column":33}},"type":"default-arg","locations":[{"start":{"line":45,"column":32},"end":{"line":45,"column":33}}]},"8":{"loc":{"start":{"line":45,"column":35},"end":{"line":45,"column":44}},"type":"default-arg","locations":[{"start":{"line":45,"column":41},"end":{"line":45,"column":44}}]},"9":{"loc":{"start":{"line":52,"column":2},"end":{"line":52,"column":35}},"type":"if","locations":[{"start":{"line":52,"column":2},"end":{"line":52,"column":35}}]},"10":{"loc":{"start":{"line":56,"column":51},"end":{"line":56,"column":72}},"type":"default-arg","locations":[{"start":{"line":56,"column":68},"end":{"line":56,"column":72}}]},"11":{"loc":{"start":{"line":57,"column":2},"end":{"line":57,"column":36}},"type":"if","locations":[{"start":{"line":57,"column":2},"end":{"line":57,"column":36}}]},"12":{"loc":{"start":{"line":86,"column":4},"end":{"line":88,"column":42}},"type":"cond-expr","locations":[{"start":{"line":87,"column":8},"end":{"line":87,"column":71}},{"start":{"line":88,"column":8},"end":{"line":88,"column":42}}]},"13":{"loc":{"start":{"line":106,"column":8},"end":{"line":106,"column":49}},"type":"cond-expr","locations":[{"start":{"line":106,"column":31},"end":{"line":106,"column":44}},{"start":{"line":106,"column":47},"end":{"line":106,"column":49}}]},"14":{"loc":{"start":{"line":107,"column":8},"end":{"line":107,"column":61}},"type":"cond-expr","locations":[{"start":{"line":107,"column":37},"end":{"line":107,"column":56}},{"start":{"line":107,"column":59},"end":{"line":107,"column":61}}]},"15":{"loc":{"start":{"line":108,"column":8},"end":{"line":108,"column":61}},"type":"cond-expr","locations":[{"start":{"line":108,"column":37},"end":{"line":108,"column":56}},{"start":{"line":108,"column":59},"end":{"line":108,"column":61}}]},"16":{"loc":{"start":{"line":109,"column":8},"end":{"line":109,"column":63}},"type":"cond-expr","locations":[{"start":{"line":109,"column":38},"end":{"line":109,"column":58}},{"start":{"line":109,"column":61},"end":{"line":109,"column":63}}]},"17":{"loc":{"start":{"line":112,"column":22},"end":{"line":114,"column":8}},"type":"cond-expr","locations":[{"start":{"line":113,"column":6},"end":{"line":113,"column":53}},{"start":{"line":114,"column":6},"end":{"line":114,"column":8}}]},"18":{"loc":{"start":{"line":146,"column":2},"end":{"line":146,"column":35}},"type":"if","locations":[{"start":{"line":146,"column":2},"end":{"line":146,"column":35}}]},"19":{"loc":{"start":{"line":147,"column":2},"end":{"line":147,"column":36}},"type":"if","locations":[{"start":{"line":147,"column":2},"end":{"line":147,"column":36}}]},"20":{"loc":{"start":{"line":148,"column":2},"end":{"line":148,"column":36}},"type":"if","locations":[{"start":{"line":148,"column":2},"end":{"line":148,"column":36}}]},"21":{"loc":{"start":{"line":149,"column":2},"end":{"line":149,"column":36}},"type":"if","locations":[{"start":{"line":149,"column":2},"end":{"line":149,"column":36}}]},"22":{"loc":{"start":{"line":150,"column":2},"end":{"line":150,"column":36}},"type":"if","locations":[{"start":{"line":150,"column":2},"end":{"line":150,"column":36}}]},"23":{"loc":{"start":{"line":151,"column":2},"end":{"line":151,"column":36}},"type":"if","locations":[{"start":{"line":151,"column":2},"end":{"line":151,"column":36}}]},"24":{"loc":{"start":{"line":152,"column":2},"end":{"line":152,"column":36}},"type":"if","locations":[{"start":{"line":152,"column":2},"end":{"line":152,"column":36}}]},"25":{"loc":{"start":{"line":166,"column":4},"end":{"line":168,"column":23}},"type":"cond-expr","locations":[{"start":{"line":167,"column":8},"end":{"line":167,"column":58}},{"start":{"line":168,"column":8},"end":{"line":168,"column":23}}]},"26":{"loc":{"start":{"line":194,"column":2},"end":{"line":196,"column":3}},"type":"if","locations":[{"start":{"line":194,"column":2},"end":{"line":196,"column":3}}]},"27":{"loc":{"start":{"line":198,"column":65},"end":{"line":198,"column":81}},"type":"binary-expr","locations":[{"start":{"line":198,"column":65},"end":{"line":198,"column":75}},{"start":{"line":198,"column":79},"end":{"line":198,"column":81}}]},"28":{"loc":{"start":{"line":210,"column":18},"end":{"line":210,"column":86}},"type":"cond-expr","locations":[{"start":{"line":210,"column":36},"end":{"line":210,"column":38}},{"start":{"line":210,"column":41},"end":{"line":210,"column":86}}]},"29":{"loc":{"start":{"line":210,"column":41},"end":{"line":210,"column":86}},"type":"cond-expr","locations":[{"start":{"line":210,"column":59},"end":{"line":210,"column":60}},{"start":{"line":210,"column":63},"end":{"line":210,"column":86}}]},"30":{"loc":{"start":{"line":210,"column":63},"end":{"line":210,"column":86}},"type":"cond-expr","locations":[{"start":{"line":210,"column":81},"end":{"line":210,"column":82}},{"start":{"line":210,"column":85},"end":{"line":210,"column":86}}]},"31":{"loc":{"start":{"line":211,"column":18},"end":{"line":211,"column":98}},"type":"cond-expr","locations":[{"start":{"line":211,"column":51},"end":{"line":211,"column":83}},{"start":{"line":211,"column":86},"end":{"line":211,"column":98}}]},"32":{"loc":{"start":{"line":222,"column":2},"end":{"line":222,"column":23}},"type":"if","locations":[{"start":{"line":222,"column":2},"end":{"line":222,"column":23}}]}},"s":{"0":1,"1":1,"2":1,"3":1,"4":1,"5":1,"6":1,"7":1,"8":100,"9":0,"10":100,"11":4,"12":0,"13":4,"14":0,"15":4,"16":0,"17":4,"18":36,"19":5,"20":47,"21":5,"22":0,"23":5,"24":47,"25":5,"26":0,"27":5,"28":47,"29":5,"30":5,"31":4,"32":4,"33":4,"34":4,"35":4,"36":4,"37":44,"38":4,"39":4,"40":4,"41":4,"42":4,"43":4,"44":1,"45":0,"46":1,"47":1,"48":0,"49":0,"50":0,"51":0,"52":0,"53":0,"54":0,"55":0,"56":0,"57":0,"58":0,"59":1,"60":1,"61":1,"62":1,"63":1,"64":1,"65":1,"66":1,"67":1,"68":1,"69":1,"70":1,"71":1,"72":0,"73":0,"74":0,"75":0,"76":0,"77":0,"78":0,"79":0,"80":0,"81":0,"82":0,"83":0,"84":0,"85":0,"86":0,"87":0,"88":0,"89":0},"f":{"0":100,"1":4,"2":36,"3":5,"4":47,"5":47,"6":5,"7":47,"8":4,"9":44,"10":1,"11":1,"12":0,"13":0},"b":{"0":[100],"1":[0],"2":[100,100],"3":[4],"4":[0],"5":[0],"6":[0],"7":[36],"8":[36],"9":[0],"10":[0],"11":[0],"12":[4,0],"13":[4,0],"14":[4,0],"15":[4,0],"16":[4,0],"17":[4,0],"18":[0],"19":[1],"20":[0],"21":[0],"22":[0],"23":[0],"24":[0],"25":[1,0],"26":[1],"27":[1,0],"28":[0,0],"29":[0,0],"30":[0,0],"31":[0,0],"32":[0]}}
,"/Users/gniewko/Documents/Projects/body-scan/src/scoring/indices.ts": {"path":"/Users/gniewko/Documents/Projects/body-scan/src/scoring/indices.ts","statementMap":{"0":{"start":{"line":4,"column":0},"end":{"line":4,"column":16}},"1":{"start":{"line":23,"column":0},"end":{"line":23,"column":16}},"2":{"start":{"line":35,"column":0},"end":{"line":35,"column":16}},"3":{"start":{"line":52,"column":0},"end":{"line":52,"column":16}},"4":{"start":{"line":64,"column":0},"end":{"line":64,"column":16}},"5":{"start":{"line":5,"column":29},"end":{"line":18,"column":4}},"6":{"start":{"line":19,"column":2},"end":{"line":19,"column":63}},"7":{"start":{"line":19,"column":35},"end":{"line":19,"column":40}},"8":{"start":{"line":24,"column":2},"end":{"line":28,"column":4}},"9":{"start":{"line":36,"column":14},"end":{"line":36,"column":42}},"10":{"start":{"line":37,"column":15},"end":{"line":37,"column":33}},"11":{"start":{"line":38,"column":14},"end":{"line":38,"column":34}},"12":{"start":{"line":40,"column":2},"end":{"line":40,"column":43}},"13":{"start":{"line":40,"column":33},"end":{"line":40,"column":43}},"14":{"start":{"line":41,"column":2},"end":{"line":41,"column":40}},"15":{"start":{"line":41,"column":30},"end":{"line":41,"column":40}},"16":{"start":{"line":42,"column":2},"end":{"line":42,"column":40}},"17":{"start":{"line":42,"column":30},"end":{"line":42,"column":40}},"18":{"start":{"line":43,"column":2},"end":{"line":43,"column":39}},"19":{"start":{"line":43,"column":30},"end":{"line":43,"column":39}},"20":{"start":{"line":44,"column":2},"end":{"line":44,"column":54}},"21":{"start":{"line":44,"column":45},"end":{"line":44,"column":54}},"22":{"start":{"line":45,"column":2},"end":{"line":45,"column":11}},"23":{"start":{"line":53,"column":14},"end":{"line":53,"column":42}},"24":{"start":{"line":55,"column":2},"end":{"line":55,"column":52}},"25":{"start":{"line":55,"column":42},"end":{"line":55,"column":52}},"26":{"start":{"line":56,"column":2},"end":{"line":56,"column":75}},"27":{"start":{"line":56,"column":66},"end":{"line":56,"column":75}},"28":{"start":{"line":57,"column":2},"end":{"line":57,"column":75}},"29":{"start":{"line":57,"column":66},"end":{"line":57,"column":75}},"30":{"start":{"line":58,"column":2},"end":{"line":58,"column":11}},"31":{"start":{"line":69,"column":16},"end":{"line":69,"column":19}},"32":{"start":{"line":71,"column":2},"end":{"line":72,"column":78}},"33":{"start":{"line":71,"column":41},"end":{"line":71,"column":73}},"34":{"start":{"line":72,"column":7},"end":{"line":72,"column":78}},"35":{"start":{"line":72,"column":46},"end":{"line":72,"column":78}},"36":{"start":{"line":74,"column":2},"end":{"line":74,"column":72}},"37":{"start":{"line":74,"column":25},"end":{"line":74,"column":72}},"38":{"start":{"line":75,"column":2},"end":{"line":75,"column":72}},"39":{"start":{"line":75,"column":25},"end":{"line":75,"column":72}},"40":{"start":{"line":77,"column":2},"end":{"line":77,"column":17}}},"fnMap":{"0":{"name":"averageDevelopmentOrdinal","decl":{"start":{"line":4,"column":16},"end":{"line":4,"column":41}},"loc":{"start":{"line":4,"column":63},"end":{"line":20,"column":1}}},"1":{"name":"(anonymous_1)","decl":{"start":{"line":19,"column":25},"end":{"line":19,"column":26}},"loc":{"start":{"line":19,"column":35},"end":{"line":19,"column":40}}},"2":{"name":"leannessOrdinal","decl":{"start":{"line":23,"column":16},"end":{"line":23,"column":31}},"loc":{"start":{"line":23,"column":53},"end":{"line":29,"column":1}}},"3":{"name":"trainingRecognitionBonus","decl":{"start":{"line":35,"column":16},"end":{"line":35,"column":40}},"loc":{"start":{"line":35,"column":62},"end":{"line":46,"column":1}}},"4":{"name":"sedentaryProfilePenalty","decl":{"start":{"line":52,"column":16},"end":{"line":52,"column":39}},"loc":{"start":{"line":52,"column":61},"end":{"line":59,"column":1}}},"5":{"name":"physiqueScoreCeiling","decl":{"start":{"line":64,"column":16},"end":{"line":64,"column":36}},"loc":{"start":{"line":67,"column":20},"end":{"line":78,"column":1}}}},"branchMap":{"0":{"loc":{"start":{"line":14,"column":8},"end":{"line":14,"column":49}},"type":"cond-expr","locations":[{"start":{"line":14,"column":31},"end":{"line":14,"column":44}},{"start":{"line":14,"column":47},"end":{"line":14,"column":49}}]},"1":{"loc":{"start":{"line":15,"column":8},"end":{"line":15,"column":61}},"type":"cond-expr","locations":[{"start":{"line":15,"column":37},"end":{"line":15,"column":56}},{"start":{"line":15,"column":59},"end":{"line":15,"column":61}}]},"2":{"loc":{"start":{"line":16,"column":8},"end":{"line":16,"column":61}},"type":"cond-expr","locations":[{"start":{"line":16,"column":37},"end":{"line":16,"column":56}},{"start":{"line":16,"column":59},"end":{"line":16,"column":61}}]},"3":{"loc":{"start":{"line":17,"column":8},"end":{"line":17,"column":63}},"type":"cond-expr","locations":[{"start":{"line":17,"column":38},"end":{"line":17,"column":58}},{"start":{"line":17,"column":61},"end":{"line":17,"column":63}}]},"4":{"loc":{"start":{"line":40,"column":2},"end":{"line":40,"column":43}},"type":"if","locations":[{"start":{"line":40,"column":2},"end":{"line":40,"column":43}}]},"5":{"loc":{"start":{"line":40,"column":6},"end":{"line":40,"column":31}},"type":"binary-expr","locations":[{"start":{"line":40,"column":6},"end":{"line":40,"column":16}},{"start":{"line":40,"column":20},"end":{"line":40,"column":31}}]},"6":{"loc":{"start":{"line":41,"column":2},"end":{"line":41,"column":40}},"type":"if","locations":[{"start":{"line":41,"column":2},"end":{"line":41,"column":40}}]},"7":{"loc":{"start":{"line":41,"column":6},"end":{"line":41,"column":28}},"type":"binary-expr","locations":[{"start":{"line":41,"column":6},"end":{"line":41,"column":16}},{"start":{"line":41,"column":20},"end":{"line":41,"column":28}}]},"8":{"loc":{"start":{"line":42,"column":2},"end":{"line":42,"column":40}},"type":"if","locations":[{"start":{"line":42,"column":2},"end":{"line":42,"column":40}}]},"9":{"loc":{"start":{"line":42,"column":6},"end":{"line":42,"column":28}},"type":"binary-expr","locations":[{"start":{"line":42,"column":6},"end":{"line":42,"column":16}},{"start":{"line":42,"column":20},"end":{"line":42,"column":28}}]},"10":{"loc":{"start":{"line":43,"column":2},"end":{"line":43,"column":39}},"type":"if","locations":[{"start":{"line":43,"column":2},"end":{"line":43,"column":39}}]},"11":{"loc":{"start":{"line":43,"column":6},"end":{"line":43,"column":28}},"type":"binary-expr","locations":[{"start":{"line":43,"column":6},"end":{"line":43,"column":16}},{"start":{"line":43,"column":20},"end":{"line":43,"column":28}}]},"12":{"loc":{"start":{"line":44,"column":2},"end":{"line":44,"column":54}},"type":"if","locations":[{"start":{"line":44,"column":2},"end":{"line":44,"column":54}}]},"13":{"loc":{"start":{"line":44,"column":6},"end":{"line":44,"column":43}},"type":"binary-expr","locations":[{"start":{"line":44,"column":6},"end":{"line":44,"column":16}},{"start":{"line":44,"column":20},"end":{"line":44,"column":28}},{"start":{"line":44,"column":32},"end":{"line":44,"column":43}}]},"14":{"loc":{"start":{"line":55,"column":2},"end":{"line":55,"column":52}},"type":"if","locations":[{"start":{"line":55,"column":2},"end":{"line":55,"column":52}}]},"15":{"loc":{"start":{"line":55,"column":6},"end":{"line":55,"column":40}},"type":"binary-expr","locations":[{"start":{"line":55,"column":6},"end":{"line":55,"column":16}},{"start":{"line":55,"column":20},"end":{"line":55,"column":40}}]},"16":{"loc":{"start":{"line":56,"column":2},"end":{"line":56,"column":75}},"type":"if","locations":[{"start":{"line":56,"column":2},"end":{"line":56,"column":75}}]},"17":{"loc":{"start":{"line":56,"column":6},"end":{"line":56,"column":64}},"type":"binary-expr","locations":[{"start":{"line":56,"column":6},"end":{"line":56,"column":16}},{"start":{"line":56,"column":20},"end":{"line":56,"column":40}},{"start":{"line":56,"column":44},"end":{"line":56,"column":64}}]},"18":{"loc":{"start":{"line":57,"column":2},"end":{"line":57,"column":75}},"type":"if","locations":[{"start":{"line":57,"column":2},"end":{"line":57,"column":75}}]},"19":{"loc":{"start":{"line":57,"column":6},"end":{"line":57,"column":64}},"type":"binary-expr","locations":[{"start":{"line":57,"column":6},"end":{"line":57,"column":16}},{"start":{"line":57,"column":20},"end":{"line":57,"column":40}},{"start":{"line":57,"column":44},"end":{"line":57,"column":64}}]},"20":{"loc":{"start":{"line":71,"column":2},"end":{"line":72,"column":78}},"type":"if","locations":[{"start":{"line":71,"column":2},"end":{"line":72,"column":78}},{"start":{"line":72,"column":7},"end":{"line":72,"column":78}}]},"21":{"loc":{"start":{"line":71,"column":6},"end":{"line":71,"column":39}},"type":"binary-expr","locations":[{"start":{"line":71,"column":6},"end":{"line":71,"column":19}},{"start":{"line":71,"column":23},"end":{"line":71,"column":39}}]},"22":{"loc":{"start":{"line":72,"column":7},"end":{"line":72,"column":78}},"type":"if","locations":[{"start":{"line":72,"column":7},"end":{"line":72,"column":78}}]},"23":{"loc":{"start":{"line":72,"column":11},"end":{"line":72,"column":44}},"type":"binary-expr","locations":[{"start":{"line":72,"column":11},"end":{"line":72,"column":24}},{"start":{"line":72,"column":28},"end":{"line":72,"column":44}}]},"24":{"loc":{"start":{"line":74,"column":2},"end":{"line":74,"column":72}},"type":"if","locations":[{"start":{"line":74,"column":2},"end":{"line":74,"column":72}}]},"25":{"loc":{"start":{"line":75,"column":2},"end":{"line":75,"column":72}},"type":"if","locations":[{"start":{"line":75,"column":2},"end":{"line":75,"column":72}}]}},"s":{"0":1,"1":1,"2":1,"3":1,"4":1,"5":3,"6":3,"7":36,"8":1,"9":1,"10":1,"11":1,"12":1,"13":0,"14":1,"15":1,"16":0,"17":0,"18":0,"19":0,"20":0,"21":0,"22":0,"23":1,"24":1,"25":0,"26":1,"27":0,"28":1,"29":0,"30":1,"31":1,"32":1,"33":0,"34":1,"35":0,"36":1,"37":0,"38":1,"39":0,"40":1},"f":{"0":3,"1":36,"2":1,"3":1,"4":1,"5":1},"b":{"0":[3,0],"1":[3,0],"2":[3,0],"3":[3,0],"4":[0],"5":[1,0],"6":[1],"7":[1,1],"8":[0],"9":[0,0],"10":[0],"11":[0,0],"12":[0],"13":[0,0,0],"14":[0],"15":[1,0],"16":[0],"17":[1,0,0],"18":[0],"19":[1,0,0],"20":[0,1],"21":[1,0],"22":[0],"23":[1,0],"24":[0],"25":[0]}}
,"/Users/gniewko/Documents/Projects/body-scan/src/scoring/muscleScoring.ts": {"path":"/Users/gniewko/Documents/Projects/body-scan/src/scoring/muscleScoring.ts","statementMap":{"0":{"start":{"line":95,"column":0},"end":{"line":95,"column":16}},"1":{"start":{"line":3,"column":0},"end":{"line":3,"column":42}},"2":{"start":{"line":6,"column":2},"end":{"line":6,"column":90}},"3":{"start":{"line":10,"column":2},"end":{"line":10,"column":51}},"4":{"start":{"line":14,"column":2},"end":{"line":14,"column":86}},"5":{"start":{"line":20,"column":16},"end":{"line":20,"column":51}},"6":{"start":{"line":20,"column":35},"end":{"line":20,"column":50}},"7":{"start":{"line":21,"column":2},"end":{"line":21,"column":71}},"8":{"start":{"line":21,"column":33},"end":{"line":21,"column":69}},"9":{"start":{"line":21,"column":51},"end":{"line":21,"column":68}},"10":{"start":{"line":36,"column":18},"end":{"line":36,"column":34}},"11":{"start":{"line":37,"column":18},"end":{"line":37,"column":28}},"12":{"start":{"line":41,"column":4},"end":{"line":45,"column":null}},"13":{"start":{"line":51,"column":4},"end":{"line":56,"column":null}},"14":{"start":{"line":60,"column":18},"end":{"line":62,"column":null}},"15":{"start":{"line":67,"column":4},"end":{"line":70,"column":null}},"16":{"start":{"line":75,"column":4},"end":{"line":76,"column":65}},"17":{"start":{"line":78,"column":2},"end":{"line":78,"column":62}},"18":{"start":{"line":86,"column":2},"end":{"line":87,"column":66}},"19":{"start":{"line":90,"column":2},"end":{"line":91,"column":63}},"20":{"start":{"line":96,"column":63},"end":{"line":96,"column":79}},"21":{"start":{"line":98,"column":2},"end":{"line":104,"column":3}},"22":{"start":{"line":99,"column":4},"end":{"line":103,"column":7}},"23":{"start":{"line":107,"column":25},"end":{"line":113,"column":7}},"24":{"start":{"line":116,"column":21},"end":{"line":121,"column":7}},"25":{"start":{"line":124,"column":22},"end":{"line":130,"column":7}},"26":{"start":{"line":133,"column":23},"end":{"line":138,"column":7}},"27":{"start":{"line":142,"column":20},"end":{"line":148,"column":7}},"28":{"start":{"line":151,"column":21},"end":{"line":156,"column":7}},"29":{"start":{"line":159,"column":19},"end":{"line":165,"column":7}},"30":{"start":{"line":168,"column":24},"end":{"line":173,"column":7}},"31":{"start":{"line":176,"column":21},"end":{"line":181,"column":7}},"32":{"start":{"line":184,"column":22},"end":{"line":189,"column":7}},"33":{"start":{"line":192,"column":22},"end":{"line":194,"column":7}},"34":{"start":{"line":196,"column":2},"end":{"line":208,"column":4}}},"fnMap":{"0":{"name":"notVisible","decl":{"start":{"line":5,"column":9},"end":{"line":5,"column":19}},"loc":{"start":{"line":5,"column":19},"end":{"line":7,"column":1}}},"1":{"name":"clamp","decl":{"start":{"line":9,"column":9},"end":{"line":9,"column":14}},"loc":{"start":{"line":9,"column":24},"end":{"line":11,"column":1}}},"2":{"name":"emptyVisible","decl":{"start":{"line":13,"column":9},"end":{"line":13,"column":21}},"loc":{"start":{"line":13,"column":35},"end":{"line":15,"column":1}}},"3":{"name":"hasRegion","decl":{"start":{"line":19,"column":9},"end":{"line":19,"column":18}},"loc":{"start":{"line":19,"column":58},"end":{"line":22,"column":1}}},"4":{"name":"(anonymous_4)","decl":{"start":{"line":20,"column":28},"end":{"line":20,"column":29}},"loc":{"start":{"line":20,"column":35},"end":{"line":20,"column":50}}},"5":{"name":"(anonymous_5)","decl":{"start":{"line":21,"column":22},"end":{"line":21,"column":23}},"loc":{"start":{"line":21,"column":33},"end":{"line":21,"column":69}}},"6":{"name":"(anonymous_6)","decl":{"start":{"line":21,"column":44},"end":{"line":21,"column":45}},"loc":{"start":{"line":21,"column":51},"end":{"line":21,"column":68}}},"7":{"name":"detectRegions","decl":{"start":{"line":29,"column":9},"end":{"line":29,"column":22}},"loc":{"start":{"line":29,"column":44},"end":{"line":79,"column":1}}},"8":{"name":"backWidthFallback","decl":{"start":{"line":85,"column":9},"end":{"line":85,"column":26}},"loc":{"start":{"line":85,"column":48},"end":{"line":88,"column":1}}},"9":{"name":"latFlareFallback","decl":{"start":{"line":89,"column":9},"end":{"line":89,"column":25}},"loc":{"start":{"line":89,"column":47},"end":{"line":92,"column":1}}},"10":{"name":"scoreMuscleGroups","decl":{"start":{"line":95,"column":16},"end":{"line":95,"column":33}},"loc":{"start":{"line":95,"column":55},"end":{"line":209,"column":1}}}},"branchMap":{"0":{"loc":{"start":{"line":41,"column":4},"end":{"line":45,"column":null}},"type":"binary-expr","locations":[{"start":{"line":41,"column":4},"end":{"line":41,"column":20}},{"start":{"line":42,"column":4},"end":{"line":42,"column":20}},{"start":{"line":43,"column":4},"end":{"line":45,"column":null}}]},"1":{"loc":{"start":{"line":51,"column":4},"end":{"line":56,"column":null}},"type":"binary-expr","locations":[{"start":{"line":51,"column":4},"end":{"line":51,"column":19}},{"start":{"line":52,"column":4},"end":{"line":52,"column":20}},{"start":{"line":53,"column":4},"end":{"line":56,"column":null}}]},"2":{"loc":{"start":{"line":67,"column":4},"end":{"line":70,"column":null}},"type":"binary-expr","locations":[{"start":{"line":67,"column":4},"end":{"line":67,"column":12}},{"start":{"line":68,"column":4},"end":{"line":70,"column":null}}]},"3":{"loc":{"start":{"line":75,"column":4},"end":{"line":76,"column":65}},"type":"binary-expr","locations":[{"start":{"line":75,"column":4},"end":{"line":75,"column":12}},{"start":{"line":75,"column":16},"end":{"line":75,"column":23}},{"start":{"line":76,"column":4},"end":{"line":76,"column":65}}]},"4":{"loc":{"start":{"line":86,"column":9},"end":{"line":87,"column":65}},"type":"cond-expr","locations":[{"start":{"line":86,"column":32},"end":{"line":86,"column":59}},{"start":{"line":87,"column":32},"end":{"line":87,"column":65}}]},"5":{"loc":{"start":{"line":90,"column":9},"end":{"line":91,"column":62}},"type":"cond-expr","locations":[{"start":{"line":90,"column":31},"end":{"line":90,"column":57}},{"start":{"line":91,"column":31},"end":{"line":91,"column":62}}]},"6":{"loc":{"start":{"line":98,"column":2},"end":{"line":104,"column":3}},"type":"if","locations":[{"start":{"line":98,"column":2},"end":{"line":104,"column":3}}]},"7":{"loc":{"start":{"line":107,"column":25},"end":{"line":113,"column":7}},"type":"cond-expr","locations":[{"start":{"line":108,"column":6},"end":{"line":111,"column":null}},{"start":{"line":113,"column":6},"end":{"line":113,"column":7}}]},"8":{"loc":{"start":{"line":116,"column":21},"end":{"line":121,"column":7}},"type":"cond-expr","locations":[{"start":{"line":117,"column":6},"end":{"line":119,"column":null}},{"start":{"line":121,"column":6},"end":{"line":121,"column":7}}]},"9":{"loc":{"start":{"line":124,"column":22},"end":{"line":130,"column":7}},"type":"cond-expr","locations":[{"start":{"line":125,"column":6},"end":{"line":128,"column":null}},{"start":{"line":130,"column":6},"end":{"line":130,"column":7}}]},"10":{"loc":{"start":{"line":133,"column":23},"end":{"line":138,"column":7}},"type":"cond-expr","locations":[{"start":{"line":134,"column":6},"end":{"line":136,"column":null}},{"start":{"line":138,"column":6},"end":{"line":138,"column":7}}]},"11":{"loc":{"start":{"line":142,"column":20},"end":{"line":148,"column":7}},"type":"cond-expr","locations":[{"start":{"line":143,"column":6},"end":{"line":146,"column":null}},{"start":{"line":148,"column":6},"end":{"line":148,"column":7}}]},"12":{"loc":{"start":{"line":151,"column":21},"end":{"line":156,"column":7}},"type":"cond-expr","locations":[{"start":{"line":152,"column":6},"end":{"line":154,"column":null}},{"start":{"line":156,"column":6},"end":{"line":156,"column":7}}]},"13":{"loc":{"start":{"line":151,"column":21},"end":{"line":151,"column":43}},"type":"binary-expr","locations":[{"start":{"line":151,"column":21},"end":{"line":151,"column":32}},{"start":{"line":151,"column":36},"end":{"line":151,"column":43}}]},"14":{"loc":{"start":{"line":159,"column":19},"end":{"line":165,"column":7}},"type":"cond-expr","locations":[{"start":{"line":160,"column":6},"end":{"line":163,"column":null}},{"start":{"line":165,"column":6},"end":{"line":165,"column":7}}]},"15":{"loc":{"start":{"line":168,"column":24},"end":{"line":173,"column":7}},"type":"cond-expr","locations":[{"start":{"line":169,"column":6},"end":{"line":171,"column":null}},{"start":{"line":173,"column":6},"end":{"line":173,"column":7}}]},"16":{"loc":{"start":{"line":176,"column":21},"end":{"line":181,"column":7}},"type":"cond-expr","locations":[{"start":{"line":177,"column":6},"end":{"line":179,"column":null}},{"start":{"line":181,"column":6},"end":{"line":181,"column":7}}]},"17":{"loc":{"start":{"line":176,"column":21},"end":{"line":176,"column":58}},"type":"binary-expr","locations":[{"start":{"line":176,"column":21},"end":{"line":176,"column":28}},{"start":{"line":176,"column":32},"end":{"line":176,"column":58}}]},"18":{"loc":{"start":{"line":184,"column":22},"end":{"line":189,"column":7}},"type":"cond-expr","locations":[{"start":{"line":185,"column":6},"end":{"line":187,"column":null}},{"start":{"line":189,"column":6},"end":{"line":189,"column":7}}]},"19":{"loc":{"start":{"line":184,"column":22},"end":{"line":184,"column":59}},"type":"binary-expr","locations":[{"start":{"line":184,"column":22},"end":{"line":184,"column":29}},{"start":{"line":184,"column":33},"end":{"line":184,"column":59}}]},"20":{"loc":{"start":{"line":192,"column":22},"end":{"line":194,"column":7}},"type":"cond-expr","locations":[{"start":{"line":193,"column":6},"end":{"line":193,"column":47}},{"start":{"line":194,"column":6},"end":{"line":194,"column":7}}]},"21":{"loc":{"start":{"line":192,"column":22},"end":{"line":192,"column":60}},"type":"binary-expr","locations":[{"start":{"line":192,"column":22},"end":{"line":192,"column":29}},{"start":{"line":192,"column":33},"end":{"line":192,"column":60}}]},"22":{"loc":{"start":{"line":197,"column":15},"end":{"line":197,"column":82}},"type":"cond-expr","locations":[{"start":{"line":197,"column":39},"end":{"line":197,"column":67}},{"start":{"line":197,"column":70},"end":{"line":197,"column":82}}]},"23":{"loc":{"start":{"line":198,"column":15},"end":{"line":198,"column":82}},"type":"cond-expr","locations":[{"start":{"line":198,"column":39},"end":{"line":198,"column":63}},{"start":{"line":198,"column":70},"end":{"line":198,"column":82}}]},"24":{"loc":{"start":{"line":199,"column":15},"end":{"line":199,"column":82}},"type":"cond-expr","locations":[{"start":{"line":199,"column":39},"end":{"line":199,"column":64}},{"start":{"line":199,"column":70},"end":{"line":199,"column":82}}]},"25":{"loc":{"start":{"line":200,"column":15},"end":{"line":200,"column":82}},"type":"cond-expr","locations":[{"start":{"line":200,"column":39},"end":{"line":200,"column":65}},{"start":{"line":200,"column":70},"end":{"line":200,"column":82}}]},"26":{"loc":{"start":{"line":201,"column":15},"end":{"line":201,"column":82}},"type":"cond-expr","locations":[{"start":{"line":201,"column":39},"end":{"line":201,"column":62}},{"start":{"line":201,"column":70},"end":{"line":201,"column":82}}]},"27":{"loc":{"start":{"line":202,"column":15},"end":{"line":202,"column":82}},"type":"cond-expr","locations":[{"start":{"line":202,"column":39},"end":{"line":202,"column":63}},{"start":{"line":202,"column":70},"end":{"line":202,"column":82}}]},"28":{"loc":{"start":{"line":202,"column":15},"end":{"line":202,"column":37}},"type":"binary-expr","locations":[{"start":{"line":202,"column":15},"end":{"line":202,"column":26}},{"start":{"line":202,"column":30},"end":{"line":202,"column":37}}]},"29":{"loc":{"start":{"line":203,"column":15},"end":{"line":203,"column":82}},"type":"cond-expr","locations":[{"start":{"line":203,"column":39},"end":{"line":203,"column":61}},{"start":{"line":203,"column":70},"end":{"line":203,"column":82}}]},"30":{"loc":{"start":{"line":204,"column":15},"end":{"line":204,"column":82}},"type":"cond-expr","locations":[{"start":{"line":204,"column":39},"end":{"line":204,"column":66}},{"start":{"line":204,"column":70},"end":{"line":204,"column":82}}]},"31":{"loc":{"start":{"line":205,"column":15},"end":{"line":205,"column":82}},"type":"cond-expr","locations":[{"start":{"line":205,"column":39},"end":{"line":205,"column":63}},{"start":{"line":205,"column":70},"end":{"line":205,"column":82}}]},"32":{"loc":{"start":{"line":206,"column":15},"end":{"line":206,"column":82}},"type":"cond-expr","locations":[{"start":{"line":206,"column":39},"end":{"line":206,"column":64}},{"start":{"line":206,"column":70},"end":{"line":206,"column":82}}]},"33":{"loc":{"start":{"line":207,"column":15},"end":{"line":207,"column":82}},"type":"cond-expr","locations":[{"start":{"line":207,"column":39},"end":{"line":207,"column":64}},{"start":{"line":207,"column":70},"end":{"line":207,"column":82}}]}},"s":{"0":0,"1":0,"2":0,"3":0,"4":0,"5":0,"6":0,"7":0,"8":0,"9":0,"10":0,"11":0,"12":0,"13":0,"14":0,"15":0,"16":0,"17":0,"18":0,"19":0,"20":0,"21":0,"22":0,"23":0,"24":0,"25":0,"26":0,"27":0,"28":0,"29":0,"30":0,"31":0,"32":0,"33":0,"34":0},"f":{"0":0,"1":0,"2":0,"3":0,"4":0,"5":0,"6":0,"7":0,"8":0,"9":0,"10":0},"b":{"0":[0,0,0],"1":[0,0,0],"2":[0,0],"3":[0,0,0],"4":[0,0],"5":[0,0],"6":[0],"7":[0,0],"8":[0,0],"9":[0,0],"10":[0,0],"11":[0,0],"12":[0,0],"13":[0,0],"14":[0,0],"15":[0,0],"16":[0,0],"17":[0,0],"18":[0,0],"19":[0,0],"20":[0,0],"21":[0,0],"22":[0,0],"23":[0,0],"24":[0,0],"25":[0,0],"26":[0,0],"27":[0,0],"28":[0,0],"29":[0,0],"30":[0,0],"31":[0,0],"32":[0,0],"33":[0,0]}}
}
