TN:
SF:src/lib/imageValidation.ts
FN:31,validatePickedImage
FN:48,optimizeImageForAnalysis
FNF:2
FNH:0
FNDA:0,validatePickedImage
FNDA:0,optimizeImageForAnalysis
DA:8,0
DA:10,0
DA:11,0
DA:12,0
DA:13,0
DA:17,0
DA:18,0
DA:31,0
DA:32,0
DA:33,0
DA:35,0
DA:36,0
DA:37,0
DA:40,0
DA:48,0
DA:49,0
DA:50,0
DA:55,0
DA:57,0
LF:19
LH:0
BRDA:32,0,0,0
BRDA:32,1,0,0
BRDA:32,1,1,0
BRDA:35,2,0,0
BRDA:35,3,0,0
BRDA:35,3,1,0
BRDA:36,4,0,0
BRDA:36,5,0,0
BRDA:36,5,1,0
BRF:9
BRH:0
end_of_record
TN:
SF:src/lib/validation.ts
FN:19,validateEmail
FN:27,validatePassword
FN:42,validateName
FNF:3
FNH:3
FNDA:9,validateEmail
FNDA:5,validatePassword
FNDA:5,validateName
DA:13,1
DA:15,1
DA:17,1
DA:19,1
DA:20,9
DA:21,9
DA:22,8
DA:23,7
DA:24,2
DA:27,1
DA:28,5
DA:29,5
DA:30,1
DA:32,4
DA:34,1
DA:36,3
DA:37,2
DA:39,1
DA:42,1
DA:43,5
DA:44,5
DA:45,4
DA:46,3
DA:48,1
LF:24
LH:24
BRDA:21,0,0,1
BRDA:22,1,0,1
BRDA:23,2,0,5
BRDA:28,3,0,0
BRDA:29,4,0,1
BRDA:32,5,0,1
BRDA:36,6,0,2
BRDA:36,7,0,3
BRDA:36,7,1,2
BRDA:44,8,0,1
BRDA:45,9,0,3
BRF:11
BRH:10
end_of_record
TN:
SF:src/scoring/bodyFat.ts
FN:22,estimateBodyFatRange
FN:40,midpointBodyFat
FNF:2
FNH:2
FNDA:4,estimateBodyFatRange
FNDA:3,midpointBodyFat
DA:22,1
DA:24,4
DA:29,4
DA:30,3
DA:31,3
DA:32,3
DA:33,3
DA:34,1
DA:35,1
DA:36,1
DA:37,1
DA:40,1
DA:41,3
LF:13
LH:13
BRDA:29,0,0,1
BRDA:30,1,0,0
BRDA:31,2,0,0
BRDA:32,3,0,0
BRDA:33,4,0,2
BRDA:34,5,0,0
BRDA:35,6,0,0
BRDA:36,7,0,0
BRF:8
BRH:2
end_of_record
TN:
SF:src/scoring/engine.ts
FN:27,ordinalToScore
FN:33,normalizeRatio
FN:45,clamp
FN:50,harmonicMean
FN:51,(anonymous_4)
FN:53,(anonymous_5)
FN:56,blendArithmeticHarmonic
FN:58,(anonymous_7)
FN:76,computeCategoryScores
FN:111,(anonymous_9)
FN:145,bodyFatMultiplier
FN:159,computeOverallScore
FN:205,computePotentialScore
FN:217,logScoringDebug
FNF:14
FNH:12
FNDA:100,ordinalToScore
FNDA:4,normalizeRatio
FNDA:36,clamp
FNDA:5,harmonicMean
FNDA:47,(anonymous_4)
FNDA:47,(anonymous_5)
FNDA:5,blendArithmeticHarmonic
FNDA:47,(anonymous_7)
FNDA:4,computeCategoryScores
FNDA:44,(anonymous_9)
FNDA:1,bodyFatMultiplier
FNDA:1,computeOverallScore
FNDA:0,computePotentialScore
FNDA:0,logScoringDebug
DA:2,1
DA:25,1
DA:27,1
DA:28,100
DA:29,100
DA:39,4
DA:40,4
DA:41,4
DA:42,4
DA:46,36
DA:51,47
DA:52,5
DA:53,47
DA:57,5
DA:58,47
DA:59,5
DA:60,5
DA:76,1
DA:78,4
DA:84,4
DA:85,4
DA:91,4
DA:98,4
DA:111,44
DA:112,4
DA:116,4
DA:123,4
DA:129,4
DA:135,4
DA:141,4
DA:145,1
DA:146,1
DA:147,1
DA:148,0
DA:149,0
DA:150,0
DA:151,0
DA:152,0
DA:153,0
DA:159,1
DA:166,1
DA:170,1
DA:176,1
DA:181,1
DA:183,1
DA:190,1
DA:191,1
DA:192,1
DA:194,1
DA:195,1
DA:198,1
DA:199,1
DA:201,1
DA:205,1
DA:210,0
DA:211,0
DA:212,0
DA:213,0
DA:217,1
DA:222,0
DA:224,0
DA:226,0
DA:227,0
DA:228,0
DA:229,0
DA:230,0
DA:231,0
DA:232,0
DA:233,0
DA:241,0
DA:242,0
DA:243,0
LF:72
LH:49
BRDA:27,0,0,100
BRDA:28,1,0,0
BRDA:28,2,0,100
BRDA:28,2,1,100
BRDA:37,3,0,4
BRDA:39,4,0,0
BRDA:40,5,0,0
BRDA:41,6,0,0
BRDA:45,7,0,36
BRDA:45,8,0,36
BRDA:52,9,0,0
BRDA:56,10,0,0
BRDA:57,11,0,0
BRDA:86,12,0,4
BRDA:86,12,1,0
BRDA:106,13,0,4
BRDA:106,13,1,0
BRDA:107,14,0,4
BRDA:107,14,1,0
BRDA:108,15,0,4
BRDA:108,15,1,0
BRDA:109,16,0,4
BRDA:109,16,1,0
BRDA:112,17,0,4
BRDA:112,17,1,0
BRDA:146,18,0,0
BRDA:147,19,0,1
BRDA:148,20,0,0
BRDA:149,21,0,0
BRDA:150,22,0,0
BRDA:151,23,0,0
BRDA:152,24,0,0
BRDA:166,25,0,1
BRDA:166,25,1,0
BRDA:194,26,0,1
BRDA:198,27,0,1
BRDA:198,27,1,0
BRDA:210,28,0,0
BRDA:210,28,1,0
BRDA:210,29,0,0
BRDA:210,29,1,0
BRDA:210,30,0,0
BRDA:210,30,1,0
BRDA:211,31,0,0
BRDA:211,31,1,0
BRDA:222,32,0,0
BRF:46
BRH:16
end_of_record
TN:
SF:src/scoring/indices.ts
FN:4,averageDevelopmentOrdinal
FN:19,(anonymous_1)
FN:23,leannessOrdinal
FN:35,trainingRecognitionBonus
FN:52,sedentaryProfilePenalty
FN:64,physiqueScoreCeiling
FNF:6
FNH:6
FNDA:3,averageDevelopmentOrdinal
FNDA:36,(anonymous_1)
FNDA:1,leannessOrdinal
FNDA:1,trainingRecognitionBonus
FNDA:1,sedentaryProfilePenalty
FNDA:1,physiqueScoreCeiling
DA:4,1
DA:5,3
DA:19,36
DA:23,1
DA:24,1
DA:35,1
DA:36,1
DA:37,1
DA:38,1
DA:40,1
DA:41,1
DA:42,0
DA:43,0
DA:44,0
DA:45,0
DA:52,1
DA:53,1
DA:55,1
DA:56,1
DA:57,1
DA:58,1
DA:64,1
DA:69,1
DA:71,1
DA:72,1
DA:74,1
DA:75,1
DA:77,1
LF:28
LH:24
BRDA:14,0,0,3
BRDA:14,0,1,0
BRDA:15,1,0,3
BRDA:15,1,1,0
BRDA:16,2,0,3
BRDA:16,2,1,0
BRDA:17,3,0,3
BRDA:17,3,1,0
BRDA:40,4,0,0
BRDA:40,5,0,1
BRDA:40,5,1,0
BRDA:41,6,0,1
BRDA:41,7,0,1
BRDA:41,7,1,1
BRDA:42,8,0,0
BRDA:42,9,0,0
BRDA:42,9,1,0
BRDA:43,10,0,0
BRDA:43,11,0,0
BRDA:43,11,1,0
BRDA:44,12,0,0
BRDA:44,13,0,0
BRDA:44,13,1,0
BRDA:44,13,2,0
BRDA:55,14,0,0
BRDA:55,15,0,1
BRDA:55,15,1,0
BRDA:56,16,0,0
BRDA:56,17,0,1
BRDA:56,17,1,0
BRDA:56,17,2,0
BRDA:57,18,0,0
BRDA:57,19,0,1
BRDA:57,19,1,0
BRDA:57,19,2,0
BRDA:71,20,0,0
BRDA:71,20,1,1
BRDA:71,21,0,1
BRDA:71,21,1,0
BRDA:72,22,0,0
BRDA:72,23,0,1
BRDA:72,23,1,0
BRDA:74,24,0,0
BRDA:75,25,0,0
BRF:44
BRH:14
end_of_record
TN:
SF:src/scoring/muscleScoring.ts
FN:5,notVisible
FN:9,clamp
FN:13,emptyVisible
FN:19,hasRegion
FN:20,(anonymous_4)
FN:21,(anonymous_5)
FN:21,(anonymous_6)
FN:29,detectRegions
FN:85,backWidthFallback
FN:89,latFlareFallback
FN:95,scoreMuscleGroups
FNF:11
FNH:0
FNDA:0,notVisible
FNDA:0,clamp
FNDA:0,emptyVisible
FNDA:0,hasRegion
FNDA:0,(anonymous_4)
FNDA:0,(anonymous_5)
FNDA:0,(anonymous_6)
FNDA:0,detectRegions
FNDA:0,backWidthFallback
FNDA:0,latFlareFallback
FNDA:0,scoreMuscleGroups
DA:3,0
DA:6,0
DA:10,0
DA:14,0
DA:20,0
DA:21,0
DA:36,0
DA:37,0
DA:41,0
DA:51,0
DA:60,0
DA:67,0
DA:75,0
DA:78,0
DA:86,0
DA:90,0
DA:95,0
DA:96,0
DA:98,0
DA:99,0
DA:107,0
DA:116,0
DA:124,0
DA:133,0
DA:142,0
DA:151,0
DA:159,0
DA:168,0
DA:176,0
DA:184,0
DA:192,0
DA:196,0
LF:32
LH:0
BRDA:41,0,0,0
BRDA:41,0,1,0
BRDA:41,0,2,0
BRDA:51,1,0,0
BRDA:51,1,1,0
BRDA:51,1,2,0
BRDA:67,2,0,0
BRDA:67,2,1,0
BRDA:75,3,0,0
BRDA:75,3,1,0
BRDA:75,3,2,0
BRDA:86,4,0,0
BRDA:86,4,1,0
BRDA:90,5,0,0
BRDA:90,5,1,0
BRDA:98,6,0,0
BRDA:107,7,0,0
BRDA:107,7,1,0
BRDA:116,8,0,0
BRDA:116,8,1,0
BRDA:124,9,0,0
BRDA:124,9,1,0
BRDA:133,10,0,0
BRDA:133,10,1,0
BRDA:142,11,0,0
BRDA:142,11,1,0
BRDA:151,12,0,0
BRDA:151,12,1,0
BRDA:151,13,0,0
BRDA:151,13,1,0
BRDA:159,14,0,0
BRDA:159,14,1,0
BRDA:168,15,0,0
BRDA:168,15,1,0
BRDA:176,16,0,0
BRDA:176,16,1,0
BRDA:176,17,0,0
BRDA:176,17,1,0
BRDA:184,18,0,0
BRDA:184,18,1,0
BRDA:184,19,0,0
BRDA:184,19,1,0
BRDA:192,20,0,0
BRDA:192,20,1,0
BRDA:192,21,0,0
BRDA:192,21,1,0
BRDA:197,22,0,0
BRDA:197,22,1,0
BRDA:198,23,0,0
BRDA:198,23,1,0
BRDA:199,24,0,0
BRDA:199,24,1,0
BRDA:200,25,0,0
BRDA:200,25,1,0
BRDA:201,26,0,0
BRDA:201,26,1,0
BRDA:202,27,0,0
BRDA:202,27,1,0
BRDA:202,28,0,0
BRDA:202,28,1,0
BRDA:203,29,0,0
BRDA:203,29,1,0
BRDA:204,30,0,0
BRDA:204,30,1,0
BRDA:205,31,0,0
BRDA:205,31,1,0
BRDA:206,32,0,0
BRDA:206,32,1,0
BRDA:207,33,0,0
BRDA:207,33,1,0
BRF:70
BRH:0
end_of_record
